  EntityHelper.cpp
D:\Personal Files\SFML\Project1\Project1\EntityHelper.cpp(5,23): warning C4018: '<': signed/unsigned mismatch
D:\Personal Files\SFML\Project1\Project1\EntityHelper.cpp(24,25): warning C4244: 'return': conversion from 'int' to 'float', possible loss of data
  Game.cpp
D:\Personal Files\SFML\Project1\Project1\Game.cpp(68,44): warning C4244: 'argument': conversion from 'unsigned int' to 'float', possible loss of data
D:\Personal Files\SFML\Project1\Project1\Game.cpp(68,27): warning C4244: 'argument': conversion from 'unsigned int' to 'float', possible loss of data
D:\Personal Files\SFML\Project1\Project1\Game.cpp(69,58): warning C4244: 'argument': conversion from 'unsigned int' to 'float', possible loss of data
D:\Personal Files\SFML\Project1\Project1\Game.cpp(69,36): warning C4244: 'argument': conversion from 'unsigned int' to 'float', possible loss of data
D:\Personal Files\SFML\Project1\Project1\Game.cpp(81,62): warning C4244: 'argument': conversion from 'unsigned int' to 'T', possible loss of data
          with
          [
              T=float
          ]
D:\Personal Files\SFML\Project1\Project1\Game.cpp(81,45): warning C4244: 'argument': conversion from 'unsigned int' to 'T', possible loss of data
          with
          [
              T=float
          ]
D:\Personal Files\SFML\Project1\Project1\Game.cpp(82,58): warning C4244: 'argument': conversion from 'unsigned int' to 'float', possible loss of data
D:\Personal Files\SFML\Project1\Project1\Game.cpp(82,36): warning C4244: 'argument': conversion from 'unsigned int' to 'float', possible loss of data
D:\Personal Files\SFML\Project1\Project1\Game.cpp(86,63): warning C4244: 'argument': conversion from 'unsigned int' to 'float', possible loss of data
D:\Personal Files\SFML\Project1\Project1\Game.cpp(86,41): warning C4244: 'argument': conversion from 'unsigned int' to 'float', possible loss of data
D:\Personal Files\SFML\Project1\Project1\Game.cpp(100,58): warning C4244: 'argument': conversion from 'unsigned int' to 'float', possible loss of data
D:\Personal Files\SFML\Project1\Project1\Game.cpp(100,43): warning C4244: 'argument': conversion from 'unsigned int' to 'float', possible loss of data
D:\Personal Files\SFML\Project1\Project1\Game.cpp(101,40): warning C4244: 'argument': conversion from 'unsigned int' to 'float', possible loss of data
D:\Personal Files\SFML\Project1\Project1\Game.cpp(102,35): warning C4244: 'argument': conversion from 'unsigned int' to 'float', possible loss of data
D:\Personal Files\SFML\Project1\Project1\Game.cpp(137,31): warning C4018: '<': signed/unsigned mismatch
D:\Personal Files\SFML\Project1\Project1\Game.cpp(138,124): warning C4244: 'argument': conversion from 'int' to 'float', possible loss of data
D:\Personal Files\SFML\Project1\Project1\Game.cpp(138,105): warning C4244: 'argument': conversion from 'int' to 'float', possible loss of data
D:\Personal Files\SFML\Project1\Project1\Game.cpp(138,85): warning C4244: 'argument': conversion from 'unsigned int' to 'float', possible loss of data
D:\Personal Files\SFML\Project1\Project1\Game.cpp(177,23): warning C4018: '<': signed/unsigned mismatch
D:\Personal Files\SFML\Project1\Project1\Game.cpp(185,58): warning C4244: 'argument': conversion from 'unsigned int' to 'float', possible loss of data
D:\Personal Files\SFML\Project1\Project1\Game.cpp(185,41): warning C4244: 'argument': conversion from 'unsigned int' to 'float', possible loss of data
D:\Personal Files\SFML\Project1\Project1\Game.cpp(199,27): warning C4018: '<': signed/unsigned mismatch
  Player.cpp
D:\Personal Files\SFML\Project1\Project1\Player.cpp(28,13): warning C4305: '=': truncation from 'double' to 'float'
D:\Personal Files\SFML\Project1\Project1\Player.cpp(29,13): warning C4305: '=': truncation from 'double' to 'float'
D:\Personal Files\SFML\Project1\Project1\Player.cpp(51,24): warning C4244: '=': conversion from 'int' to 'float', possible loss of data
  main.cpp
  Generating Code...
  Project1.vcxproj -> D:\Personal Files\SFML\Project1\Debug\Project1.exe
